[INFO ][2018-03-29 17:28:56,873]--Root WebApplicationContext: initialization started--[initWebApplicationContext][ContextLoader.java,285]
[INFO ][2018-03-29 17:28:56,922]--Refreshing Root WebApplicationContext: startup date [Thu Mar 29 17:28:56 CST 2018]; root of context hierarchy--[prepareRefresh][AbstractApplicationContext.java,510]
[INFO ][2018-03-29 17:28:56,944]--Loading XML bean definitions from class path resource [spring.xml]--[loadBeanDefinitions][XmlBeanDefinitionReader.java,317]
[INFO ][2018-03-29 17:28:57,030]--Loading XML bean definitions from class path resource [spring-main-mybatis.xml]--[loadBeanDefinitions][XmlBeanDefinitionReader.java,317]
[INFO ][2018-03-29 17:28:57,062]--Loading XML bean definitions from class path resource [spring-minor-mybatis.xml]--[loadBeanDefinitions][XmlBeanDefinitionReader.java,317]
[INFO ][2018-03-29 17:28:57,080]--Overriding bean definition for bean 'sqlSessionTemplate': replacing [Generic bean: class [org.mybatis.spring.SqlSessionTemplate]; scope=; abstract=false; lazyInit=false; autowireMode=0; dependencyCheck=0; autowireCandidate=true; primary=false; factoryBeanName=null; factoryMethodName=null; initMethodName=null; destroyMethodName=null; defined in class path resource [spring-main-mybatis.xml]] with [Generic bean: class [org.mybatis.spring.SqlSessionTemplate]; scope=; abstract=false; lazyInit=false; autowireMode=0; dependencyCheck=0; autowireCandidate=true; primary=false; factoryBeanName=null; factoryMethodName=null; initMethodName=null; destroyMethodName=null; defined in class path resource [spring-minor-mybatis.xml]]--[registerBeanDefinition][DefaultListableBeanFactory.java,829]
[INFO ][2018-03-29 17:28:57,082]--Loading XML bean definitions from class path resource [api/glcore.xml]--[loadBeanDefinitions][XmlBeanDefinitionReader.java,317]
[INFO ][2018-03-29 17:28:57,223]--Loading properties file from class path resource [config.properties]--[loadProperties][PropertiesLoaderSupport.java,172]
[INFO ][2018-03-29 17:28:57,230]--JSR-330 'javax.inject.Inject' annotation found and supported for autowiring--[<init>][AutowiredAnnotationBeanPostProcessor.java,153]
[INFO ][2018-03-29 17:28:57,513]--Root WebApplicationContext: initialization completed in 638 ms--[initWebApplicationContext][ContextLoader.java,325]
[INFO ][2018-03-29 17:28:57,589]--FrameworkServlet 'dispatcher': initialization started--[initServletBean][FrameworkServlet.java,484]
[INFO ][2018-03-29 17:28:57,592]--Refreshing WebApplicationContext for namespace 'dispatcher-servlet': startup date [Thu Mar 29 17:28:57 CST 2018]; parent: Root WebApplicationContext--[prepareRefresh][AbstractApplicationContext.java,510]
[INFO ][2018-03-29 17:28:57,592]--Loading XML bean definitions from class path resource [spring-mvc.xml]--[loadBeanDefinitions][XmlBeanDefinitionReader.java,317]
[INFO ][2018-03-29 17:28:57,685]--JSR-330 'javax.inject.Inject' annotation found and supported for autowiring--[<init>][AutowiredAnnotationBeanPostProcessor.java,153]
[INFO ][2018-03-29 17:28:57,749]--Mapped "{[/gl/*],methods=[],params=[],headers=[],consumes=[],produces=[],custom=[]}" onto public org.springframework.http.ResponseEntity<com.hualala.interfaces.general.BaseResp> com.hualala.launcher.ApiBaseController.execute(javax.servlet.http.HttpServletRequest,javax.servlet.http.HttpServletResponse)--[registerHandlerMethod][AbstractHandlerMethodMapping.java,220]
[INFO ][2018-03-29 17:28:57,960]--Looking for @ControllerAdvice: WebApplicationContext for namespace 'dispatcher-servlet': startup date [Thu Mar 29 17:28:57 CST 2018]; parent: Root WebApplicationContext--[initControllerAdviceCache][RequestMappingHandlerAdapter.java,518]
[INFO ][2018-03-29 17:28:57,989]--Looking for @ControllerAdvice: WebApplicationContext for namespace 'dispatcher-servlet': startup date [Thu Mar 29 17:28:57 CST 2018]; parent: Root WebApplicationContext--[initControllerAdviceCache][RequestMappingHandlerAdapter.java,518]
[INFO ][2018-03-29 17:28:58,078]--FrameworkServlet 'dispatcher': initialization completed in 488 ms--[initServletBean][FrameworkServlet.java,503]
[WARN ][2018-03-29 17:29:10,902]--No mapping found for HTTP request with URI [/gl/gl/select.htmls] in DispatcherServlet with name 'dispatcher'--[noHandlerFound][DispatcherServlet.java,1120]
[WARN ][2018-03-29 17:29:15,453]--No mapping found for HTTP request with URI [/gl/gl/select.htmls] in DispatcherServlet with name 'dispatcher'--[noHandlerFound][DispatcherServlet.java,1120]
[INFO ][2018-03-29 17:32:16,962]--Root WebApplicationContext: initialization started--[initWebApplicationContext][ContextLoader.java,285]
[INFO ][2018-03-29 17:32:17,017]--Refreshing Root WebApplicationContext: startup date [Thu Mar 29 17:32:17 CST 2018]; root of context hierarchy--[prepareRefresh][AbstractApplicationContext.java,510]
[INFO ][2018-03-29 17:32:17,040]--Loading XML bean definitions from class path resource [spring.xml]--[loadBeanDefinitions][XmlBeanDefinitionReader.java,317]
[INFO ][2018-03-29 17:32:17,126]--Loading XML bean definitions from class path resource [spring-main-mybatis.xml]--[loadBeanDefinitions][XmlBeanDefinitionReader.java,317]
[INFO ][2018-03-29 17:32:17,158]--Loading XML bean definitions from class path resource [spring-minor-mybatis.xml]--[loadBeanDefinitions][XmlBeanDefinitionReader.java,317]
[INFO ][2018-03-29 17:32:17,170]--Overriding bean definition for bean 'sqlSessionTemplate': replacing [Generic bean: class [org.mybatis.spring.SqlSessionTemplate]; scope=; abstract=false; lazyInit=false; autowireMode=0; dependencyCheck=0; autowireCandidate=true; primary=false; factoryBeanName=null; factoryMethodName=null; initMethodName=null; destroyMethodName=null; defined in class path resource [spring-main-mybatis.xml]] with [Generic bean: class [org.mybatis.spring.SqlSessionTemplate]; scope=; abstract=false; lazyInit=false; autowireMode=0; dependencyCheck=0; autowireCandidate=true; primary=false; factoryBeanName=null; factoryMethodName=null; initMethodName=null; destroyMethodName=null; defined in class path resource [spring-minor-mybatis.xml]]--[registerBeanDefinition][DefaultListableBeanFactory.java,829]
[INFO ][2018-03-29 17:32:17,176]--Loading XML bean definitions from class path resource [api/glcore.xml]--[loadBeanDefinitions][XmlBeanDefinitionReader.java,317]
[INFO ][2018-03-29 17:32:17,330]--Loading properties file from class path resource [config.properties]--[loadProperties][PropertiesLoaderSupport.java,172]
[INFO ][2018-03-29 17:32:17,338]--JSR-330 'javax.inject.Inject' annotation found and supported for autowiring--[<init>][AutowiredAnnotationBeanPostProcessor.java,153]
[INFO ][2018-03-29 17:32:17,641]--Root WebApplicationContext: initialization completed in 675 ms--[initWebApplicationContext][ContextLoader.java,325]
[INFO ][2018-03-29 17:32:17,710]--FrameworkServlet 'dispatcher': initialization started--[initServletBean][FrameworkServlet.java,484]
[INFO ][2018-03-29 17:32:17,714]--Refreshing WebApplicationContext for namespace 'dispatcher-servlet': startup date [Thu Mar 29 17:32:17 CST 2018]; parent: Root WebApplicationContext--[prepareRefresh][AbstractApplicationContext.java,510]
[INFO ][2018-03-29 17:32:17,714]--Loading XML bean definitions from class path resource [spring-mvc.xml]--[loadBeanDefinitions][XmlBeanDefinitionReader.java,317]
[INFO ][2018-03-29 17:32:17,806]--JSR-330 'javax.inject.Inject' annotation found and supported for autowiring--[<init>][AutowiredAnnotationBeanPostProcessor.java,153]
[INFO ][2018-03-29 17:32:17,885]--Mapped "{[/gl/*],methods=[],params=[],headers=[],consumes=[],produces=[],custom=[]}" onto public org.springframework.http.ResponseEntity<com.hualala.interfaces.general.BaseResp> com.hualala.launcher.ApiBaseController.execute(javax.servlet.http.HttpServletRequest,javax.servlet.http.HttpServletResponse)--[registerHandlerMethod][AbstractHandlerMethodMapping.java,220]
[INFO ][2018-03-29 17:32:18,173]--Looking for @ControllerAdvice: WebApplicationContext for namespace 'dispatcher-servlet': startup date [Thu Mar 29 17:32:17 CST 2018]; parent: Root WebApplicationContext--[initControllerAdviceCache][RequestMappingHandlerAdapter.java,518]
[INFO ][2018-03-29 17:32:18,200]--Looking for @ControllerAdvice: WebApplicationContext for namespace 'dispatcher-servlet': startup date [Thu Mar 29 17:32:17 CST 2018]; parent: Root WebApplicationContext--[initControllerAdviceCache][RequestMappingHandlerAdapter.java,518]
[INFO ][2018-03-29 17:32:18,266]--FrameworkServlet 'dispatcher': initialization completed in 556 ms--[initServletBean][FrameworkServlet.java,503]
[INFO ][2018-03-29 17:32:29,364]--{100001=请求路径未配置[100001], 100000=uniformCode[100000]}--[loadProps][MsgDefine.java,33]
[INFO ][2018-03-29 17:32:29,372]--requestURI=/gl/gl/select.htmls, method=POST, contentType=application/json--[assembleRequest][BaseController.java,84]
[INFO ][2018-03-29 17:32:29,372]--requestPayload={"pageInfo":{"size":40,"num":1},"header":{"trcid":"d1338c70-19ac-40e1-a459-681c6f90e733","debug":true},"data":{"shopID":123,"shopName":"哗啦啦测试店","accountInfo":[{"accountID":"9183dkk1-1lljj11-j1k2-12","accountName":"应收账款"},{"accountID":"9183dkk1-1lljj11-j1k2-12","accountName":"应收账款"}]}}--[getRequestPayLoad][BaseController.java,109]
[INFO ][2018-03-29 17:32:29,458]--traceId=d1338c70-19ac-40e1-a459-681c6f90e733, reqObj=--[exec][BaseController.java,74]
[INFO ][2018-03-29 17:40:59,744]--Root WebApplicationContext: initialization started--[initWebApplicationContext][ContextLoader.java,285]
[INFO ][2018-03-29 17:40:59,806]--Refreshing Root WebApplicationContext: startup date [Thu Mar 29 17:40:59 CST 2018]; root of context hierarchy--[prepareRefresh][AbstractApplicationContext.java,510]
[INFO ][2018-03-29 17:41:10,188]--Loading XML bean definitions from class path resource [spring.xml]--[loadBeanDefinitions][XmlBeanDefinitionReader.java,317]
[INFO ][2018-03-29 17:41:10,326]--Loading XML bean definitions from class path resource [spring-main-mybatis.xml]--[loadBeanDefinitions][XmlBeanDefinitionReader.java,317]
[INFO ][2018-03-29 17:41:10,372]--Loading XML bean definitions from class path resource [spring-minor-mybatis.xml]--[loadBeanDefinitions][XmlBeanDefinitionReader.java,317]
[INFO ][2018-03-29 17:41:10,399]--Overriding bean definition for bean 'sqlSessionTemplate': replacing [Generic bean: class [org.mybatis.spring.SqlSessionTemplate]; scope=; abstract=false; lazyInit=false; autowireMode=0; dependencyCheck=0; autowireCandidate=true; primary=false; factoryBeanName=null; factoryMethodName=null; initMethodName=null; destroyMethodName=null; defined in class path resource [spring-main-mybatis.xml]] with [Generic bean: class [org.mybatis.spring.SqlSessionTemplate]; scope=; abstract=false; lazyInit=false; autowireMode=0; dependencyCheck=0; autowireCandidate=true; primary=false; factoryBeanName=null; factoryMethodName=null; initMethodName=null; destroyMethodName=null; defined in class path resource [spring-minor-mybatis.xml]]--[registerBeanDefinition][DefaultListableBeanFactory.java,829]
[INFO ][2018-03-29 17:41:10,402]--Loading XML bean definitions from class path resource [api/glcore.xml]--[loadBeanDefinitions][XmlBeanDefinitionReader.java,317]
[INFO ][2018-03-29 17:41:10,584]--Loading properties file from class path resource [config.properties]--[loadProperties][PropertiesLoaderSupport.java,172]
[INFO ][2018-03-29 17:41:10,592]--JSR-330 'javax.inject.Inject' annotation found and supported for autowiring--[<init>][AutowiredAnnotationBeanPostProcessor.java,153]
[INFO ][2018-03-29 17:41:11,021]--Root WebApplicationContext: initialization completed in 11273 ms--[initWebApplicationContext][ContextLoader.java,325]
[INFO ][2018-03-29 17:41:11,110]--FrameworkServlet 'dispatcher': initialization started--[initServletBean][FrameworkServlet.java,484]
[INFO ][2018-03-29 17:41:11,112]--Refreshing WebApplicationContext for namespace 'dispatcher-servlet': startup date [Thu Mar 29 17:41:11 CST 2018]; parent: Root WebApplicationContext--[prepareRefresh][AbstractApplicationContext.java,510]
[INFO ][2018-03-29 17:41:11,113]--Loading XML bean definitions from class path resource [spring-mvc.xml]--[loadBeanDefinitions][XmlBeanDefinitionReader.java,317]
[INFO ][2018-03-29 17:41:11,215]--JSR-330 'javax.inject.Inject' annotation found and supported for autowiring--[<init>][AutowiredAnnotationBeanPostProcessor.java,153]
[INFO ][2018-03-29 17:41:11,306]--Mapped "{[/gl/*],methods=[],params=[],headers=[],consumes=[],produces=[],custom=[]}" onto public org.springframework.http.ResponseEntity<com.hualala.interfaces.general.BaseResp> com.hualala.launcher.ApiBaseController.execute(javax.servlet.http.HttpServletRequest,javax.servlet.http.HttpServletResponse)--[registerHandlerMethod][AbstractHandlerMethodMapping.java,220]
[INFO ][2018-03-29 17:41:11,608]--Looking for @ControllerAdvice: WebApplicationContext for namespace 'dispatcher-servlet': startup date [Thu Mar 29 17:41:11 CST 2018]; parent: Root WebApplicationContext--[initControllerAdviceCache][RequestMappingHandlerAdapter.java,518]
[INFO ][2018-03-29 17:41:11,660]--Looking for @ControllerAdvice: WebApplicationContext for namespace 'dispatcher-servlet': startup date [Thu Mar 29 17:41:11 CST 2018]; parent: Root WebApplicationContext--[initControllerAdviceCache][RequestMappingHandlerAdapter.java,518]
[INFO ][2018-03-29 17:41:11,815]--FrameworkServlet 'dispatcher': initialization completed in 704 ms--[initServletBean][FrameworkServlet.java,503]
[INFO ][2018-03-29 18:22:39,302]--Root WebApplicationContext: initialization started--[initWebApplicationContext][ContextLoader.java,285]
[INFO ][2018-03-29 18:22:39,349]--Refreshing Root WebApplicationContext: startup date [Thu Mar 29 18:22:39 CST 2018]; root of context hierarchy--[prepareRefresh][AbstractApplicationContext.java,510]
[INFO ][2018-03-29 18:22:39,365]--Loading XML bean definitions from class path resource [spring.xml]--[loadBeanDefinitions][XmlBeanDefinitionReader.java,317]
[INFO ][2018-03-29 18:22:39,458]--Loading XML bean definitions from class path resource [spring-main-mybatis.xml]--[loadBeanDefinitions][XmlBeanDefinitionReader.java,317]
[INFO ][2018-03-29 18:22:39,490]--Loading XML bean definitions from class path resource [spring-minor-mybatis.xml]--[loadBeanDefinitions][XmlBeanDefinitionReader.java,317]
[INFO ][2018-03-29 18:22:39,521]--Overriding bean definition for bean 'sqlSessionTemplate': replacing [Generic bean: class [org.mybatis.spring.SqlSessionTemplate]; scope=; abstract=false; lazyInit=false; autowireMode=0; dependencyCheck=0; autowireCandidate=true; primary=false; factoryBeanName=null; factoryMethodName=null; initMethodName=null; destroyMethodName=null; defined in class path resource [spring-main-mybatis.xml]] with [Generic bean: class [org.mybatis.spring.SqlSessionTemplate]; scope=; abstract=false; lazyInit=false; autowireMode=0; dependencyCheck=0; autowireCandidate=true; primary=false; factoryBeanName=null; factoryMethodName=null; initMethodName=null; destroyMethodName=null; defined in class path resource [spring-minor-mybatis.xml]]--[registerBeanDefinition][DefaultListableBeanFactory.java,829]
[INFO ][2018-03-29 18:22:39,521]--Loading XML bean definitions from class path resource [api/glcore.xml]--[loadBeanDefinitions][XmlBeanDefinitionReader.java,317]
[INFO ][2018-03-29 18:22:39,677]--Loading properties file from class path resource [config.properties]--[loadProperties][PropertiesLoaderSupport.java,172]
[INFO ][2018-03-29 18:22:39,677]--JSR-330 'javax.inject.Inject' annotation found and supported for autowiring--[<init>][AutowiredAnnotationBeanPostProcessor.java,153]
[INFO ][2018-03-29 18:22:39,943]--Root WebApplicationContext: initialization completed in 641 ms--[initWebApplicationContext][ContextLoader.java,325]
[INFO ][2018-03-29 18:22:40,005]--FrameworkServlet 'dispatcher': initialization started--[initServletBean][FrameworkServlet.java,484]
[INFO ][2018-03-29 18:22:40,021]--Refreshing WebApplicationContext for namespace 'dispatcher-servlet': startup date [Thu Mar 29 18:22:40 CST 2018]; parent: Root WebApplicationContext--[prepareRefresh][AbstractApplicationContext.java,510]
[INFO ][2018-03-29 18:22:40,021]--Loading XML bean definitions from class path resource [spring-mvc.xml]--[loadBeanDefinitions][XmlBeanDefinitionReader.java,317]
[INFO ][2018-03-29 18:22:40,115]--JSR-330 'javax.inject.Inject' annotation found and supported for autowiring--[<init>][AutowiredAnnotationBeanPostProcessor.java,153]
[INFO ][2018-03-29 18:22:40,193]--Mapped "{[/gl/*],methods=[],params=[],headers=[],consumes=[],produces=[],custom=[]}" onto public org.springframework.http.ResponseEntity<com.hualala.interfaces.general.BaseResp> com.hualala.launcher.ApiBaseController.execute(javax.servlet.http.HttpServletRequest,javax.servlet.http.HttpServletResponse)--[registerHandlerMethod][AbstractHandlerMethodMapping.java,220]
[INFO ][2018-03-29 18:22:40,397]--Looking for @ControllerAdvice: WebApplicationContext for namespace 'dispatcher-servlet': startup date [Thu Mar 29 18:22:40 CST 2018]; parent: Root WebApplicationContext--[initControllerAdviceCache][RequestMappingHandlerAdapter.java,518]
[INFO ][2018-03-29 18:22:40,428]--Looking for @ControllerAdvice: WebApplicationContext for namespace 'dispatcher-servlet': startup date [Thu Mar 29 18:22:40 CST 2018]; parent: Root WebApplicationContext--[initControllerAdviceCache][RequestMappingHandlerAdapter.java,518]
[INFO ][2018-03-29 18:22:40,506]--FrameworkServlet 'dispatcher': initialization completed in 501 ms--[initServletBean][FrameworkServlet.java,503]
[INFO ][2018-03-29 18:23:22,751]--{100001=请求路径未配置[100001], 100000=uniformCode[100000]}--[loadProps][MsgDefine.java,33]
[INFO ][2018-03-29 18:23:22,755]--requestURI=/gl/gl/select.htmls, method=POST, contentType=application/json--[assembleRequest][BaseController.java,84]
[INFO ][2018-03-29 18:23:22,759]--requestPayload={"pageInfo":{"size":40,"num":1},"header":{"trcid":"d1338c70-19ac-40e1-a459-681c6f90e733","debug":true},"data":{"shopID":123,"shopName":"哗啦啦测试店","accountInfo":[{"accountID":"9183dkk1-1lljj11-j1k2-12","accountName":"应收账款"},{"accountID":"9183dkk1-1lljj11-j1k2-12","accountName":"应收账款"}]}}--[getRequestPayLoad][BaseController.java,109]
[INFO ][2018-03-29 18:23:22,846]--traceId=d1338c70-19ac-40e1-a459-681c6f90e733, reqObj=--[exec][BaseController.java,74]
[INFO ][2018-03-29 18:24:37,373]--Root WebApplicationContext: initialization started--[initWebApplicationContext][ContextLoader.java,285]
[INFO ][2018-03-29 18:24:37,420]--Refreshing Root WebApplicationContext: startup date [Thu Mar 29 18:24:37 CST 2018]; root of context hierarchy--[prepareRefresh][AbstractApplicationContext.java,510]
[INFO ][2018-03-29 18:24:37,444]--Loading XML bean definitions from class path resource [spring.xml]--[loadBeanDefinitions][XmlBeanDefinitionReader.java,317]
[INFO ][2018-03-29 18:24:37,534]--Loading XML bean definitions from class path resource [spring-main-mybatis.xml]--[loadBeanDefinitions][XmlBeanDefinitionReader.java,317]
[INFO ][2018-03-29 18:24:37,573]--Loading XML bean definitions from class path resource [spring-minor-mybatis.xml]--[loadBeanDefinitions][XmlBeanDefinitionReader.java,317]
[INFO ][2018-03-29 18:24:37,603]--Overriding bean definition for bean 'sqlSessionTemplate': replacing [Generic bean: class [org.mybatis.spring.SqlSessionTemplate]; scope=; abstract=false; lazyInit=false; autowireMode=0; dependencyCheck=0; autowireCandidate=true; primary=false; factoryBeanName=null; factoryMethodName=null; initMethodName=null; destroyMethodName=null; defined in class path resource [spring-main-mybatis.xml]] with [Generic bean: class [org.mybatis.spring.SqlSessionTemplate]; scope=; abstract=false; lazyInit=false; autowireMode=0; dependencyCheck=0; autowireCandidate=true; primary=false; factoryBeanName=null; factoryMethodName=null; initMethodName=null; destroyMethodName=null; defined in class path resource [spring-minor-mybatis.xml]]--[registerBeanDefinition][DefaultListableBeanFactory.java,829]
[ERROR][2018-03-29 18:24:37,606]--Context initialization failed--[initWebApplicationContext][ContextLoader.java,331]
org.springframework.beans.factory.BeanDefinitionStoreException: Could not resolve bean definition resource pattern [classpath:api/*.xml]; nested exception is java.io.FileNotFoundException: class path resource [api/] cannot be resolved to URL because it does not exist
	at org.springframework.beans.factory.support.AbstractBeanDefinitionReader.loadBeanDefinitions(AbstractBeanDefinitionReader.java:229)
	at org.springframework.beans.factory.support.AbstractBeanDefinitionReader.loadBeanDefinitions(AbstractBeanDefinitionReader.java:188)
	at org.springframework.web.context.support.XmlWebApplicationContext.loadBeanDefinitions(XmlWebApplicationContext.java:125)
	at org.springframework.web.context.support.XmlWebApplicationContext.loadBeanDefinitions(XmlWebApplicationContext.java:94)
	at org.springframework.context.support.AbstractRefreshableApplicationContext.refreshBeanFactory(AbstractRefreshableApplicationContext.java:129)
	at org.springframework.context.support.AbstractApplicationContext.obtainFreshBeanFactory(AbstractApplicationContext.java:537)
	at org.springframework.context.support.AbstractApplicationContext.refresh(AbstractApplicationContext.java:452)
	at org.springframework.web.context.ContextLoader.configureAndRefreshWebApplicationContext(ContextLoader.java:403)
	at org.springframework.web.context.ContextLoader.initWebApplicationContext(ContextLoader.java:306)
	at org.springframework.web.context.ContextLoaderListener.contextInitialized(ContextLoaderListener.java:106)
	at org.eclipse.jetty.server.handler.ContextHandler.callContextInitialized(ContextHandler.java:843)
	at org.eclipse.jetty.servlet.ServletContextHandler.callContextInitialized(ServletContextHandler.java:533)
	at org.eclipse.jetty.server.handler.ContextHandler.startContext(ContextHandler.java:816)
	at org.eclipse.jetty.servlet.ServletContextHandler.startContext(ServletContextHandler.java:345)
	at org.eclipse.jetty.webapp.WebAppContext.startWebapp(WebAppContext.java:1404)
	at org.eclipse.jetty.maven.plugin.JettyWebAppContext.startWebapp(JettyWebAppContext.java:323)
	at org.eclipse.jetty.webapp.WebAppContext.startContext(WebAppContext.java:1366)
	at org.eclipse.jetty.server.handler.ContextHandler.doStart(ContextHandler.java:778)
	at org.eclipse.jetty.servlet.ServletContextHandler.doStart(ServletContextHandler.java:262)
	at org.eclipse.jetty.webapp.WebAppContext.doStart(WebAppContext.java:520)
	at org.eclipse.jetty.maven.plugin.JettyWebAppContext.doStart(JettyWebAppContext.java:398)
	at org.eclipse.jetty.util.component.AbstractLifeCycle.start(AbstractLifeCycle.java:68)
	at org.eclipse.jetty.util.component.ContainerLifeCycle.start(ContainerLifeCycle.java:132)
	at org.eclipse.jetty.util.component.ContainerLifeCycle.doStart(ContainerLifeCycle.java:114)
	at org.eclipse.jetty.server.handler.AbstractHandler.doStart(AbstractHandler.java:61)
	at org.eclipse.jetty.server.handler.ContextHandlerCollection.doStart(ContextHandlerCollection.java:161)
	at org.eclipse.jetty.util.component.AbstractLifeCycle.start(AbstractLifeCycle.java:68)
	at org.eclipse.jetty.util.component.ContainerLifeCycle.start(ContainerLifeCycle.java:132)
	at org.eclipse.jetty.util.component.ContainerLifeCycle.doStart(ContainerLifeCycle.java:114)
	at org.eclipse.jetty.server.handler.AbstractHandler.doStart(AbstractHandler.java:61)
	at org.eclipse.jetty.util.component.AbstractLifeCycle.start(AbstractLifeCycle.java:68)
	at org.eclipse.jetty.util.component.ContainerLifeCycle.start(ContainerLifeCycle.java:132)
	at org.eclipse.jetty.server.Server.start(Server.java:411)
	at org.eclipse.jetty.util.component.ContainerLifeCycle.doStart(ContainerLifeCycle.java:106)
	at org.eclipse.jetty.server.handler.AbstractHandler.doStart(AbstractHandler.java:61)
	at org.eclipse.jetty.server.Server.doStart(Server.java:378)
	at org.eclipse.jetty.util.component.AbstractLifeCycle.start(AbstractLifeCycle.java:68)
	at org.eclipse.jetty.maven.plugin.AbstractJettyMojo.startJetty(AbstractJettyMojo.java:460)
	at org.eclipse.jetty.maven.plugin.AbstractJettyMojo.execute(AbstractJettyMojo.java:328)
	at org.eclipse.jetty.maven.plugin.JettyRunMojo.execute(JettyRunMojo.java:170)
	at org.apache.maven.plugin.DefaultBuildPluginManager.executeMojo(DefaultBuildPluginManager.java:134)
	at org.apache.maven.lifecycle.internal.MojoExecutor.execute(MojoExecutor.java:207)
	at org.apache.maven.lifecycle.internal.MojoExecutor.execute(MojoExecutor.java:153)
	at org.apache.maven.lifecycle.internal.MojoExecutor.execute(MojoExecutor.java:145)
	at org.apache.maven.lifecycle.internal.LifecycleModuleBuilder.buildProject(LifecycleModuleBuilder.java:116)
	at org.apache.maven.lifecycle.internal.LifecycleModuleBuilder.buildProject(LifecycleModuleBuilder.java:80)
	at org.apache.maven.lifecycle.internal.builder.singlethreaded.SingleThreadedBuilder.build(SingleThreadedBuilder.java:51)
	at org.apache.maven.lifecycle.internal.LifecycleStarter.execute(LifecycleStarter.java:128)
	at org.apache.maven.DefaultMaven.doExecute(DefaultMaven.java:307)
	at org.apache.maven.DefaultMaven.doExecute(DefaultMaven.java:193)
	at org.apache.maven.DefaultMaven.execute(DefaultMaven.java:106)
	at org.apache.maven.cli.MavenCli.execute(MavenCli.java:863)
	at org.apache.maven.cli.MavenCli.doMain(MavenCli.java:288)
	at org.apache.maven.cli.MavenCli.main(MavenCli.java:199)
	at sun.reflect.NativeMethodAccessorImpl.invoke0(Native Method)
	at sun.reflect.NativeMethodAccessorImpl.invoke(NativeMethodAccessorImpl.java:62)
	at sun.reflect.DelegatingMethodAccessorImpl.invoke(DelegatingMethodAccessorImpl.java:43)
	at java.lang.reflect.Method.invoke(Method.java:497)
	at org.codehaus.plexus.classworlds.launcher.Launcher.launchEnhanced(Launcher.java:289)
	at org.codehaus.plexus.classworlds.launcher.Launcher.launch(Launcher.java:229)
	at org.codehaus.plexus.classworlds.launcher.Launcher.mainWithExitCode(Launcher.java:415)
	at org.codehaus.plexus.classworlds.launcher.Launcher.main(Launcher.java:356)
	at org.codehaus.classworlds.Launcher.main(Launcher.java:47)
Caused by: java.io.FileNotFoundException: class path resource [api/] cannot be resolved to URL because it does not exist
	at org.springframework.core.io.ClassPathResource.getURL(ClassPathResource.java:187)
	at org.springframework.core.io.support.PathMatchingResourcePatternResolver.findPathMatchingResources(PathMatchingResourcePatternResolver.java:412)
	at org.springframework.core.io.support.PathMatchingResourcePatternResolver.getResources(PathMatchingResourcePatternResolver.java:286)
	at org.springframework.context.support.AbstractApplicationContext.getResources(AbstractApplicationContext.java:1159)
	at org.springframework.beans.factory.support.AbstractBeanDefinitionReader.loadBeanDefinitions(AbstractBeanDefinitionReader.java:216)
	... 62 common frames omitted
[INFO ][2018-03-29 18:25:46,584]--Root WebApplicationContext: initialization started--[initWebApplicationContext][ContextLoader.java,285]
[INFO ][2018-03-29 18:25:46,647]--Refreshing Root WebApplicationContext: startup date [Thu Mar 29 18:25:46 CST 2018]; root of context hierarchy--[prepareRefresh][AbstractApplicationContext.java,510]
[INFO ][2018-03-29 18:25:46,676]--Loading XML bean definitions from class path resource [spring.xml]--[loadBeanDefinitions][XmlBeanDefinitionReader.java,317]
[INFO ][2018-03-29 18:25:46,793]--Loading XML bean definitions from class path resource [spring-main-mybatis.xml]--[loadBeanDefinitions][XmlBeanDefinitionReader.java,317]
[INFO ][2018-03-29 18:25:46,821]--Loading XML bean definitions from class path resource [spring-minor-mybatis.xml]--[loadBeanDefinitions][XmlBeanDefinitionReader.java,317]
[INFO ][2018-03-29 18:25:46,836]--Overriding bean definition for bean 'sqlSessionTemplate': replacing [Generic bean: class [org.mybatis.spring.SqlSessionTemplate]; scope=; abstract=false; lazyInit=false; autowireMode=0; dependencyCheck=0; autowireCandidate=true; primary=false; factoryBeanName=null; factoryMethodName=null; initMethodName=null; destroyMethodName=null; defined in class path resource [spring-main-mybatis.xml]] with [Generic bean: class [org.mybatis.spring.SqlSessionTemplate]; scope=; abstract=false; lazyInit=false; autowireMode=0; dependencyCheck=0; autowireCandidate=true; primary=false; factoryBeanName=null; factoryMethodName=null; initMethodName=null; destroyMethodName=null; defined in class path resource [spring-minor-mybatis.xml]]--[registerBeanDefinition][DefaultListableBeanFactory.java,829]
[ERROR][2018-03-29 18:25:46,840]--Context initialization failed--[initWebApplicationContext][ContextLoader.java,331]
org.springframework.beans.factory.BeanDefinitionStoreException: Could not resolve bean definition resource pattern [classpath:api/*.xml]; nested exception is java.io.FileNotFoundException: class path resource [api/] cannot be resolved to URL because it does not exist
	at org.springframework.beans.factory.support.AbstractBeanDefinitionReader.loadBeanDefinitions(AbstractBeanDefinitionReader.java:229)
	at org.springframework.beans.factory.support.AbstractBeanDefinitionReader.loadBeanDefinitions(AbstractBeanDefinitionReader.java:188)
	at org.springframework.web.context.support.XmlWebApplicationContext.loadBeanDefinitions(XmlWebApplicationContext.java:125)
	at org.springframework.web.context.support.XmlWebApplicationContext.loadBeanDefinitions(XmlWebApplicationContext.java:94)
	at org.springframework.context.support.AbstractRefreshableApplicationContext.refreshBeanFactory(AbstractRefreshableApplicationContext.java:129)
	at org.springframework.context.support.AbstractApplicationContext.obtainFreshBeanFactory(AbstractApplicationContext.java:537)
	at org.springframework.context.support.AbstractApplicationContext.refresh(AbstractApplicationContext.java:452)
	at org.springframework.web.context.ContextLoader.configureAndRefreshWebApplicationContext(ContextLoader.java:403)
	at org.springframework.web.context.ContextLoader.initWebApplicationContext(ContextLoader.java:306)
	at org.springframework.web.context.ContextLoaderListener.contextInitialized(ContextLoaderListener.java:106)
	at org.eclipse.jetty.server.handler.ContextHandler.callContextInitialized(ContextHandler.java:843)
	at org.eclipse.jetty.servlet.ServletContextHandler.callContextInitialized(ServletContextHandler.java:533)
	at org.eclipse.jetty.server.handler.ContextHandler.startContext(ContextHandler.java:816)
	at org.eclipse.jetty.servlet.ServletContextHandler.startContext(ServletContextHandler.java:345)
	at org.eclipse.jetty.webapp.WebAppContext.startWebapp(WebAppContext.java:1404)
	at org.eclipse.jetty.maven.plugin.JettyWebAppContext.startWebapp(JettyWebAppContext.java:323)
	at org.eclipse.jetty.webapp.WebAppContext.startContext(WebAppContext.java:1366)
	at org.eclipse.jetty.server.handler.ContextHandler.doStart(ContextHandler.java:778)
	at org.eclipse.jetty.servlet.ServletContextHandler.doStart(ServletContextHandler.java:262)
	at org.eclipse.jetty.webapp.WebAppContext.doStart(WebAppContext.java:520)
	at org.eclipse.jetty.maven.plugin.JettyWebAppContext.doStart(JettyWebAppContext.java:398)
	at org.eclipse.jetty.util.component.AbstractLifeCycle.start(AbstractLifeCycle.java:68)
	at org.eclipse.jetty.util.component.ContainerLifeCycle.start(ContainerLifeCycle.java:132)
	at org.eclipse.jetty.util.component.ContainerLifeCycle.doStart(ContainerLifeCycle.java:114)
	at org.eclipse.jetty.server.handler.AbstractHandler.doStart(AbstractHandler.java:61)
	at org.eclipse.jetty.server.handler.ContextHandlerCollection.doStart(ContextHandlerCollection.java:161)
	at org.eclipse.jetty.util.component.AbstractLifeCycle.start(AbstractLifeCycle.java:68)
	at org.eclipse.jetty.util.component.ContainerLifeCycle.start(ContainerLifeCycle.java:132)
	at org.eclipse.jetty.util.component.ContainerLifeCycle.doStart(ContainerLifeCycle.java:114)
	at org.eclipse.jetty.server.handler.AbstractHandler.doStart(AbstractHandler.java:61)
	at org.eclipse.jetty.util.component.AbstractLifeCycle.start(AbstractLifeCycle.java:68)
	at org.eclipse.jetty.util.component.ContainerLifeCycle.start(ContainerLifeCycle.java:132)
	at org.eclipse.jetty.server.Server.start(Server.java:411)
	at org.eclipse.jetty.util.component.ContainerLifeCycle.doStart(ContainerLifeCycle.java:106)
	at org.eclipse.jetty.server.handler.AbstractHandler.doStart(AbstractHandler.java:61)
	at org.eclipse.jetty.server.Server.doStart(Server.java:378)
	at org.eclipse.jetty.util.component.AbstractLifeCycle.start(AbstractLifeCycle.java:68)
	at org.eclipse.jetty.maven.plugin.AbstractJettyMojo.startJetty(AbstractJettyMojo.java:460)
	at org.eclipse.jetty.maven.plugin.AbstractJettyMojo.execute(AbstractJettyMojo.java:328)
	at org.eclipse.jetty.maven.plugin.JettyRunMojo.execute(JettyRunMojo.java:170)
	at org.apache.maven.plugin.DefaultBuildPluginManager.executeMojo(DefaultBuildPluginManager.java:134)
	at org.apache.maven.lifecycle.internal.MojoExecutor.execute(MojoExecutor.java:207)
	at org.apache.maven.lifecycle.internal.MojoExecutor.execute(MojoExecutor.java:153)
	at org.apache.maven.lifecycle.internal.MojoExecutor.execute(MojoExecutor.java:145)
	at org.apache.maven.lifecycle.internal.LifecycleModuleBuilder.buildProject(LifecycleModuleBuilder.java:116)
	at org.apache.maven.lifecycle.internal.LifecycleModuleBuilder.buildProject(LifecycleModuleBuilder.java:80)
	at org.apache.maven.lifecycle.internal.builder.singlethreaded.SingleThreadedBuilder.build(SingleThreadedBuilder.java:51)
	at org.apache.maven.lifecycle.internal.LifecycleStarter.execute(LifecycleStarter.java:128)
	at org.apache.maven.DefaultMaven.doExecute(DefaultMaven.java:307)
	at org.apache.maven.DefaultMaven.doExecute(DefaultMaven.java:193)
	at org.apache.maven.DefaultMaven.execute(DefaultMaven.java:106)
	at org.apache.maven.cli.MavenCli.execute(MavenCli.java:863)
	at org.apache.maven.cli.MavenCli.doMain(MavenCli.java:288)
	at org.apache.maven.cli.MavenCli.main(MavenCli.java:199)
	at sun.reflect.NativeMethodAccessorImpl.invoke0(Native Method)
	at sun.reflect.NativeMethodAccessorImpl.invoke(NativeMethodAccessorImpl.java:62)
	at sun.reflect.DelegatingMethodAccessorImpl.invoke(DelegatingMethodAccessorImpl.java:43)
	at java.lang.reflect.Method.invoke(Method.java:497)
	at org.codehaus.plexus.classworlds.launcher.Launcher.launchEnhanced(Launcher.java:289)
	at org.codehaus.plexus.classworlds.launcher.Launcher.launch(Launcher.java:229)
	at org.codehaus.plexus.classworlds.launcher.Launcher.mainWithExitCode(Launcher.java:415)
	at org.codehaus.plexus.classworlds.launcher.Launcher.main(Launcher.java:356)
	at org.codehaus.classworlds.Launcher.main(Launcher.java:47)
Caused by: java.io.FileNotFoundException: class path resource [api/] cannot be resolved to URL because it does not exist
	at org.springframework.core.io.ClassPathResource.getURL(ClassPathResource.java:187)
	at org.springframework.core.io.support.PathMatchingResourcePatternResolver.findPathMatchingResources(PathMatchingResourcePatternResolver.java:412)
	at org.springframework.core.io.support.PathMatchingResourcePatternResolver.getResources(PathMatchingResourcePatternResolver.java:286)
	at org.springframework.context.support.AbstractApplicationContext.getResources(AbstractApplicationContext.java:1159)
	at org.springframework.beans.factory.support.AbstractBeanDefinitionReader.loadBeanDefinitions(AbstractBeanDefinitionReader.java:216)
	... 62 common frames omitted
[INFO ][2018-03-29 18:38:52,585]--Root WebApplicationContext: initialization started--[initWebApplicationContext][ContextLoader.java,285]
[INFO ][2018-03-29 18:38:52,644]--Refreshing Root WebApplicationContext: startup date [Thu Mar 29 18:38:52 CST 2018]; root of context hierarchy--[prepareRefresh][AbstractApplicationContext.java,510]
[INFO ][2018-03-29 18:38:52,675]--Loading XML bean definitions from class path resource [spring.xml]--[loadBeanDefinitions][XmlBeanDefinitionReader.java,317]
[INFO ][2018-03-29 18:38:52,781]--Loading XML bean definitions from class path resource [spring-main-mybatis.xml]--[loadBeanDefinitions][XmlBeanDefinitionReader.java,317]
[INFO ][2018-03-29 18:38:52,820]--Loading XML bean definitions from class path resource [spring-minor-mybatis.xml]--[loadBeanDefinitions][XmlBeanDefinitionReader.java,317]
[INFO ][2018-03-29 18:38:52,839]--Overriding bean definition for bean 'sqlSessionTemplate': replacing [Generic bean: class [org.mybatis.spring.SqlSessionTemplate]; scope=; abstract=false; lazyInit=false; autowireMode=0; dependencyCheck=0; autowireCandidate=true; primary=false; factoryBeanName=null; factoryMethodName=null; initMethodName=null; destroyMethodName=null; defined in class path resource [spring-main-mybatis.xml]] with [Generic bean: class [org.mybatis.spring.SqlSessionTemplate]; scope=; abstract=false; lazyInit=false; autowireMode=0; dependencyCheck=0; autowireCandidate=true; primary=false; factoryBeanName=null; factoryMethodName=null; initMethodName=null; destroyMethodName=null; defined in class path resource [spring-minor-mybatis.xml]]--[registerBeanDefinition][DefaultListableBeanFactory.java,829]
[ERROR][2018-03-29 18:38:52,843]--Context initialization failed--[initWebApplicationContext][ContextLoader.java,331]
org.springframework.beans.factory.BeanDefinitionStoreException: Could not resolve bean definition resource pattern [classpath:api/*.xml]; nested exception is java.io.FileNotFoundException: class path resource [api/] cannot be resolved to URL because it does not exist
	at org.springframework.beans.factory.support.AbstractBeanDefinitionReader.loadBeanDefinitions(AbstractBeanDefinitionReader.java:229)
	at org.springframework.beans.factory.support.AbstractBeanDefinitionReader.loadBeanDefinitions(AbstractBeanDefinitionReader.java:188)
	at org.springframework.web.context.support.XmlWebApplicationContext.loadBeanDefinitions(XmlWebApplicationContext.java:125)
	at org.springframework.web.context.support.XmlWebApplicationContext.loadBeanDefinitions(XmlWebApplicationContext.java:94)
	at org.springframework.context.support.AbstractRefreshableApplicationContext.refreshBeanFactory(AbstractRefreshableApplicationContext.java:129)
	at org.springframework.context.support.AbstractApplicationContext.obtainFreshBeanFactory(AbstractApplicationContext.java:537)
	at org.springframework.context.support.AbstractApplicationContext.refresh(AbstractApplicationContext.java:452)
	at org.springframework.web.context.ContextLoader.configureAndRefreshWebApplicationContext(ContextLoader.java:403)
	at org.springframework.web.context.ContextLoader.initWebApplicationContext(ContextLoader.java:306)
	at org.springframework.web.context.ContextLoaderListener.contextInitialized(ContextLoaderListener.java:106)
	at org.eclipse.jetty.server.handler.ContextHandler.callContextInitialized(ContextHandler.java:843)
	at org.eclipse.jetty.servlet.ServletContextHandler.callContextInitialized(ServletContextHandler.java:533)
	at org.eclipse.jetty.server.handler.ContextHandler.startContext(ContextHandler.java:816)
	at org.eclipse.jetty.servlet.ServletContextHandler.startContext(ServletContextHandler.java:345)
	at org.eclipse.jetty.webapp.WebAppContext.startWebapp(WebAppContext.java:1404)
	at org.eclipse.jetty.maven.plugin.JettyWebAppContext.startWebapp(JettyWebAppContext.java:323)
	at org.eclipse.jetty.webapp.WebAppContext.startContext(WebAppContext.java:1366)
	at org.eclipse.jetty.server.handler.ContextHandler.doStart(ContextHandler.java:778)
	at org.eclipse.jetty.servlet.ServletContextHandler.doStart(ServletContextHandler.java:262)
	at org.eclipse.jetty.webapp.WebAppContext.doStart(WebAppContext.java:520)
	at org.eclipse.jetty.maven.plugin.JettyWebAppContext.doStart(JettyWebAppContext.java:398)
	at org.eclipse.jetty.util.component.AbstractLifeCycle.start(AbstractLifeCycle.java:68)
	at org.eclipse.jetty.util.component.ContainerLifeCycle.start(ContainerLifeCycle.java:132)
	at org.eclipse.jetty.util.component.ContainerLifeCycle.doStart(ContainerLifeCycle.java:114)
	at org.eclipse.jetty.server.handler.AbstractHandler.doStart(AbstractHandler.java:61)
	at org.eclipse.jetty.server.handler.ContextHandlerCollection.doStart(ContextHandlerCollection.java:161)
	at org.eclipse.jetty.util.component.AbstractLifeCycle.start(AbstractLifeCycle.java:68)
	at org.eclipse.jetty.util.component.ContainerLifeCycle.start(ContainerLifeCycle.java:132)
	at org.eclipse.jetty.util.component.ContainerLifeCycle.doStart(ContainerLifeCycle.java:114)
	at org.eclipse.jetty.server.handler.AbstractHandler.doStart(AbstractHandler.java:61)
	at org.eclipse.jetty.util.component.AbstractLifeCycle.start(AbstractLifeCycle.java:68)
	at org.eclipse.jetty.util.component.ContainerLifeCycle.start(ContainerLifeCycle.java:132)
	at org.eclipse.jetty.server.Server.start(Server.java:411)
	at org.eclipse.jetty.util.component.ContainerLifeCycle.doStart(ContainerLifeCycle.java:106)
	at org.eclipse.jetty.server.handler.AbstractHandler.doStart(AbstractHandler.java:61)
	at org.eclipse.jetty.server.Server.doStart(Server.java:378)
	at org.eclipse.jetty.util.component.AbstractLifeCycle.start(AbstractLifeCycle.java:68)
	at org.eclipse.jetty.maven.plugin.AbstractJettyMojo.startJetty(AbstractJettyMojo.java:460)
	at org.eclipse.jetty.maven.plugin.AbstractJettyMojo.execute(AbstractJettyMojo.java:328)
	at org.eclipse.jetty.maven.plugin.JettyRunMojo.execute(JettyRunMojo.java:170)
	at org.apache.maven.plugin.DefaultBuildPluginManager.executeMojo(DefaultBuildPluginManager.java:134)
	at org.apache.maven.lifecycle.internal.MojoExecutor.execute(MojoExecutor.java:207)
	at org.apache.maven.lifecycle.internal.MojoExecutor.execute(MojoExecutor.java:153)
	at org.apache.maven.lifecycle.internal.MojoExecutor.execute(MojoExecutor.java:145)
	at org.apache.maven.lifecycle.internal.LifecycleModuleBuilder.buildProject(LifecycleModuleBuilder.java:116)
	at org.apache.maven.lifecycle.internal.LifecycleModuleBuilder.buildProject(LifecycleModuleBuilder.java:80)
	at org.apache.maven.lifecycle.internal.builder.singlethreaded.SingleThreadedBuilder.build(SingleThreadedBuilder.java:51)
	at org.apache.maven.lifecycle.internal.LifecycleStarter.execute(LifecycleStarter.java:128)
	at org.apache.maven.DefaultMaven.doExecute(DefaultMaven.java:307)
	at org.apache.maven.DefaultMaven.doExecute(DefaultMaven.java:193)
	at org.apache.maven.DefaultMaven.execute(DefaultMaven.java:106)
	at org.apache.maven.cli.MavenCli.execute(MavenCli.java:863)
	at org.apache.maven.cli.MavenCli.doMain(MavenCli.java:288)
	at org.apache.maven.cli.MavenCli.main(MavenCli.java:199)
	at sun.reflect.NativeMethodAccessorImpl.invoke0(Native Method)
	at sun.reflect.NativeMethodAccessorImpl.invoke(NativeMethodAccessorImpl.java:62)
	at sun.reflect.DelegatingMethodAccessorImpl.invoke(DelegatingMethodAccessorImpl.java:43)
	at java.lang.reflect.Method.invoke(Method.java:497)
	at org.codehaus.plexus.classworlds.launcher.Launcher.launchEnhanced(Launcher.java:289)
	at org.codehaus.plexus.classworlds.launcher.Launcher.launch(Launcher.java:229)
	at org.codehaus.plexus.classworlds.launcher.Launcher.mainWithExitCode(Launcher.java:415)
	at org.codehaus.plexus.classworlds.launcher.Launcher.main(Launcher.java:356)
	at org.codehaus.classworlds.Launcher.main(Launcher.java:47)
Caused by: java.io.FileNotFoundException: class path resource [api/] cannot be resolved to URL because it does not exist
	at org.springframework.core.io.ClassPathResource.getURL(ClassPathResource.java:187)
	at org.springframework.core.io.support.PathMatchingResourcePatternResolver.findPathMatchingResources(PathMatchingResourcePatternResolver.java:412)
	at org.springframework.core.io.support.PathMatchingResourcePatternResolver.getResources(PathMatchingResourcePatternResolver.java:286)
	at org.springframework.context.support.AbstractApplicationContext.getResources(AbstractApplicationContext.java:1159)
	at org.springframework.beans.factory.support.AbstractBeanDefinitionReader.loadBeanDefinitions(AbstractBeanDefinitionReader.java:216)
	... 62 common frames omitted
[INFO ][2018-03-29 18:39:32,920]--Root WebApplicationContext: initialization started--[initWebApplicationContext][ContextLoader.java,285]
[INFO ][2018-03-29 18:39:32,974]--Refreshing Root WebApplicationContext: startup date [Thu Mar 29 18:39:32 CST 2018]; root of context hierarchy--[prepareRefresh][AbstractApplicationContext.java,510]
[INFO ][2018-03-29 18:39:32,998]--Loading XML bean definitions from class path resource [spring.xml]--[loadBeanDefinitions][XmlBeanDefinitionReader.java,317]
[INFO ][2018-03-29 18:39:33,084]--Loading XML bean definitions from class path resource [spring-main-mybatis.xml]--[loadBeanDefinitions][XmlBeanDefinitionReader.java,317]
[INFO ][2018-03-29 18:39:33,115]--Loading XML bean definitions from class path resource [spring-minor-mybatis.xml]--[loadBeanDefinitions][XmlBeanDefinitionReader.java,317]
[INFO ][2018-03-29 18:39:33,135]--Overriding bean definition for bean 'sqlSessionTemplate': replacing [Generic bean: class [org.mybatis.spring.SqlSessionTemplate]; scope=; abstract=false; lazyInit=false; autowireMode=0; dependencyCheck=0; autowireCandidate=true; primary=false; factoryBeanName=null; factoryMethodName=null; initMethodName=null; destroyMethodName=null; defined in class path resource [spring-main-mybatis.xml]] with [Generic bean: class [org.mybatis.spring.SqlSessionTemplate]; scope=; abstract=false; lazyInit=false; autowireMode=0; dependencyCheck=0; autowireCandidate=true; primary=false; factoryBeanName=null; factoryMethodName=null; initMethodName=null; destroyMethodName=null; defined in class path resource [spring-minor-mybatis.xml]]--[registerBeanDefinition][DefaultListableBeanFactory.java,829]
[ERROR][2018-03-29 18:39:33,139]--Context initialization failed--[initWebApplicationContext][ContextLoader.java,331]
org.springframework.beans.factory.BeanDefinitionStoreException: Could not resolve bean definition resource pattern [classpath:api/*.xml]; nested exception is java.io.FileNotFoundException: class path resource [api/] cannot be resolved to URL because it does not exist
	at org.springframework.beans.factory.support.AbstractBeanDefinitionReader.loadBeanDefinitions(AbstractBeanDefinitionReader.java:229)
	at org.springframework.beans.factory.support.AbstractBeanDefinitionReader.loadBeanDefinitions(AbstractBeanDefinitionReader.java:188)
	at org.springframework.web.context.support.XmlWebApplicationContext.loadBeanDefinitions(XmlWebApplicationContext.java:125)
	at org.springframework.web.context.support.XmlWebApplicationContext.loadBeanDefinitions(XmlWebApplicationContext.java:94)
	at org.springframework.context.support.AbstractRefreshableApplicationContext.refreshBeanFactory(AbstractRefreshableApplicationContext.java:129)
	at org.springframework.context.support.AbstractApplicationContext.obtainFreshBeanFactory(AbstractApplicationContext.java:537)
	at org.springframework.context.support.AbstractApplicationContext.refresh(AbstractApplicationContext.java:452)
	at org.springframework.web.context.ContextLoader.configureAndRefreshWebApplicationContext(ContextLoader.java:403)
	at org.springframework.web.context.ContextLoader.initWebApplicationContext(ContextLoader.java:306)
	at org.springframework.web.context.ContextLoaderListener.contextInitialized(ContextLoaderListener.java:106)
	at org.eclipse.jetty.server.handler.ContextHandler.callContextInitialized(ContextHandler.java:843)
	at org.eclipse.jetty.servlet.ServletContextHandler.callContextInitialized(ServletContextHandler.java:533)
	at org.eclipse.jetty.server.handler.ContextHandler.startContext(ContextHandler.java:816)
	at org.eclipse.jetty.servlet.ServletContextHandler.startContext(ServletContextHandler.java:345)
	at org.eclipse.jetty.webapp.WebAppContext.startWebapp(WebAppContext.java:1404)
	at org.eclipse.jetty.maven.plugin.JettyWebAppContext.startWebapp(JettyWebAppContext.java:323)
	at org.eclipse.jetty.webapp.WebAppContext.startContext(WebAppContext.java:1366)
	at org.eclipse.jetty.server.handler.ContextHandler.doStart(ContextHandler.java:778)
	at org.eclipse.jetty.servlet.ServletContextHandler.doStart(ServletContextHandler.java:262)
	at org.eclipse.jetty.webapp.WebAppContext.doStart(WebAppContext.java:520)
	at org.eclipse.jetty.maven.plugin.JettyWebAppContext.doStart(JettyWebAppContext.java:398)
	at org.eclipse.jetty.util.component.AbstractLifeCycle.start(AbstractLifeCycle.java:68)
	at org.eclipse.jetty.util.component.ContainerLifeCycle.start(ContainerLifeCycle.java:132)
	at org.eclipse.jetty.util.component.ContainerLifeCycle.doStart(ContainerLifeCycle.java:114)
	at org.eclipse.jetty.server.handler.AbstractHandler.doStart(AbstractHandler.java:61)
	at org.eclipse.jetty.server.handler.ContextHandlerCollection.doStart(ContextHandlerCollection.java:161)
	at org.eclipse.jetty.util.component.AbstractLifeCycle.start(AbstractLifeCycle.java:68)
	at org.eclipse.jetty.util.component.ContainerLifeCycle.start(ContainerLifeCycle.java:132)
	at org.eclipse.jetty.util.component.ContainerLifeCycle.doStart(ContainerLifeCycle.java:114)
	at org.eclipse.jetty.server.handler.AbstractHandler.doStart(AbstractHandler.java:61)
	at org.eclipse.jetty.util.component.AbstractLifeCycle.start(AbstractLifeCycle.java:68)
	at org.eclipse.jetty.util.component.ContainerLifeCycle.start(ContainerLifeCycle.java:132)
	at org.eclipse.jetty.server.Server.start(Server.java:411)
	at org.eclipse.jetty.util.component.ContainerLifeCycle.doStart(ContainerLifeCycle.java:106)
	at org.eclipse.jetty.server.handler.AbstractHandler.doStart(AbstractHandler.java:61)
	at org.eclipse.jetty.server.Server.doStart(Server.java:378)
	at org.eclipse.jetty.util.component.AbstractLifeCycle.start(AbstractLifeCycle.java:68)
	at org.eclipse.jetty.maven.plugin.AbstractJettyMojo.startJetty(AbstractJettyMojo.java:460)
	at org.eclipse.jetty.maven.plugin.AbstractJettyMojo.execute(AbstractJettyMojo.java:328)
	at org.eclipse.jetty.maven.plugin.JettyRunMojo.execute(JettyRunMojo.java:170)
	at org.apache.maven.plugin.DefaultBuildPluginManager.executeMojo(DefaultBuildPluginManager.java:134)
	at org.apache.maven.lifecycle.internal.MojoExecutor.execute(MojoExecutor.java:207)
	at org.apache.maven.lifecycle.internal.MojoExecutor.execute(MojoExecutor.java:153)
	at org.apache.maven.lifecycle.internal.MojoExecutor.execute(MojoExecutor.java:145)
	at org.apache.maven.lifecycle.internal.LifecycleModuleBuilder.buildProject(LifecycleModuleBuilder.java:116)
	at org.apache.maven.lifecycle.internal.LifecycleModuleBuilder.buildProject(LifecycleModuleBuilder.java:80)
	at org.apache.maven.lifecycle.internal.builder.singlethreaded.SingleThreadedBuilder.build(SingleThreadedBuilder.java:51)
	at org.apache.maven.lifecycle.internal.LifecycleStarter.execute(LifecycleStarter.java:128)
	at org.apache.maven.DefaultMaven.doExecute(DefaultMaven.java:307)
	at org.apache.maven.DefaultMaven.doExecute(DefaultMaven.java:193)
	at org.apache.maven.DefaultMaven.execute(DefaultMaven.java:106)
	at org.apache.maven.cli.MavenCli.execute(MavenCli.java:863)
	at org.apache.maven.cli.MavenCli.doMain(MavenCli.java:288)
	at org.apache.maven.cli.MavenCli.main(MavenCli.java:199)
	at sun.reflect.NativeMethodAccessorImpl.invoke0(Native Method)
	at sun.reflect.NativeMethodAccessorImpl.invoke(NativeMethodAccessorImpl.java:62)
	at sun.reflect.DelegatingMethodAccessorImpl.invoke(DelegatingMethodAccessorImpl.java:43)
	at java.lang.reflect.Method.invoke(Method.java:497)
	at org.codehaus.plexus.classworlds.launcher.Launcher.launchEnhanced(Launcher.java:289)
	at org.codehaus.plexus.classworlds.launcher.Launcher.launch(Launcher.java:229)
	at org.codehaus.plexus.classworlds.launcher.Launcher.mainWithExitCode(Launcher.java:415)
	at org.codehaus.plexus.classworlds.launcher.Launcher.main(Launcher.java:356)
	at org.codehaus.classworlds.Launcher.main(Launcher.java:47)
Caused by: java.io.FileNotFoundException: class path resource [api/] cannot be resolved to URL because it does not exist
	at org.springframework.core.io.ClassPathResource.getURL(ClassPathResource.java:187)
	at org.springframework.core.io.support.PathMatchingResourcePatternResolver.findPathMatchingResources(PathMatchingResourcePatternResolver.java:412)
	at org.springframework.core.io.support.PathMatchingResourcePatternResolver.getResources(PathMatchingResourcePatternResolver.java:286)
	at org.springframework.context.support.AbstractApplicationContext.getResources(AbstractApplicationContext.java:1159)
	at org.springframework.beans.factory.support.AbstractBeanDefinitionReader.loadBeanDefinitions(AbstractBeanDefinitionReader.java:216)
	... 62 common frames omitted
[INFO ][2018-03-29 18:40:28,858]--Root WebApplicationContext: initialization started--[initWebApplicationContext][ContextLoader.java,285]
[INFO ][2018-03-29 18:40:28,909]--Refreshing Root WebApplicationContext: startup date [Thu Mar 29 18:40:28 CST 2018]; root of context hierarchy--[prepareRefresh][AbstractApplicationContext.java,510]
[INFO ][2018-03-29 18:40:28,932]--Loading XML bean definitions from class path resource [spring.xml]--[loadBeanDefinitions][XmlBeanDefinitionReader.java,317]
[INFO ][2018-03-29 18:40:29,018]--Loading XML bean definitions from class path resource [spring-main-mybatis.xml]--[loadBeanDefinitions][XmlBeanDefinitionReader.java,317]
[INFO ][2018-03-29 18:40:29,050]--Loading XML bean definitions from class path resource [spring-minor-mybatis.xml]--[loadBeanDefinitions][XmlBeanDefinitionReader.java,317]
[INFO ][2018-03-29 18:40:29,061]--Overriding bean definition for bean 'sqlSessionTemplate': replacing [Generic bean: class [org.mybatis.spring.SqlSessionTemplate]; scope=; abstract=false; lazyInit=false; autowireMode=0; dependencyCheck=0; autowireCandidate=true; primary=false; factoryBeanName=null; factoryMethodName=null; initMethodName=null; destroyMethodName=null; defined in class path resource [spring-main-mybatis.xml]] with [Generic bean: class [org.mybatis.spring.SqlSessionTemplate]; scope=; abstract=false; lazyInit=false; autowireMode=0; dependencyCheck=0; autowireCandidate=true; primary=false; factoryBeanName=null; factoryMethodName=null; initMethodName=null; destroyMethodName=null; defined in class path resource [spring-minor-mybatis.xml]]--[registerBeanDefinition][DefaultListableBeanFactory.java,829]
[INFO ][2018-03-29 18:40:29,065]--Loading XML bean definitions from class path resource [api/glcore.xml]--[loadBeanDefinitions][XmlBeanDefinitionReader.java,317]
[INFO ][2018-03-29 18:40:29,202]--Loading properties file from class path resource [config.properties]--[loadProperties][PropertiesLoaderSupport.java,172]
[INFO ][2018-03-29 18:40:29,210]--JSR-330 'javax.inject.Inject' annotation found and supported for autowiring--[<init>][AutowiredAnnotationBeanPostProcessor.java,153]
[INFO ][2018-03-29 18:40:29,497]--Root WebApplicationContext: initialization completed in 639 ms--[initWebApplicationContext][ContextLoader.java,325]
[INFO ][2018-03-29 18:40:29,584]--FrameworkServlet 'dispatcher': initialization started--[initServletBean][FrameworkServlet.java,484]
[INFO ][2018-03-29 18:40:29,584]--Refreshing WebApplicationContext for namespace 'dispatcher-servlet': startup date [Thu Mar 29 18:40:29 CST 2018]; parent: Root WebApplicationContext--[prepareRefresh][AbstractApplicationContext.java,510]
[INFO ][2018-03-29 18:40:29,584]--Loading XML bean definitions from class path resource [spring-mvc.xml]--[loadBeanDefinitions][XmlBeanDefinitionReader.java,317]
[INFO ][2018-03-29 18:40:29,670]--JSR-330 'javax.inject.Inject' annotation found and supported for autowiring--[<init>][AutowiredAnnotationBeanPostProcessor.java,153]
[INFO ][2018-03-29 18:40:29,728]--Mapped "{[/gl/*],methods=[],params=[],headers=[],consumes=[],produces=[],custom=[]}" onto public org.springframework.http.ResponseEntity<com.hualala.interfaces.general.BaseResp> com.hualala.launcher.ApiBaseController.execute(javax.servlet.http.HttpServletRequest,javax.servlet.http.HttpServletResponse)--[registerHandlerMethod][AbstractHandlerMethodMapping.java,220]
[INFO ][2018-03-29 18:40:29,940]--Looking for @ControllerAdvice: WebApplicationContext for namespace 'dispatcher-servlet': startup date [Thu Mar 29 18:40:29 CST 2018]; parent: Root WebApplicationContext--[initControllerAdviceCache][RequestMappingHandlerAdapter.java,518]
[INFO ][2018-03-29 18:40:29,967]--Looking for @ControllerAdvice: WebApplicationContext for namespace 'dispatcher-servlet': startup date [Thu Mar 29 18:40:29 CST 2018]; parent: Root WebApplicationContext--[initControllerAdviceCache][RequestMappingHandlerAdapter.java,518]
[INFO ][2018-03-29 18:40:30,031]--FrameworkServlet 'dispatcher': initialization completed in 447 ms--[initServletBean][FrameworkServlet.java,503]
[INFO ][2018-03-29 18:40:36,023]--{100001=请求路径未配置[100001], 100000=uniformCode[100000]}--[loadProps][MsgDefine.java,33]
[INFO ][2018-03-29 18:40:36,038]--requestURI=/gl/gl/select.htmls, method=POST, contentType=application/json--[assembleRequest][BaseController.java,84]
[INFO ][2018-03-29 18:40:36,038]--requestPayload={"pageInfo":{"size":40,"num":1},"header":{"trcid":"d1338c70-19ac-40e1-a459-681c6f90e733","debug":true},"data":{"shopID":123,"shopName":"哗啦啦测试店","accountInfo":[{"accountID":"9183dkk1-1lljj11-j1k2-12","accountName":"应收账款"},{"accountID":"9183dkk1-1lljj11-j1k2-12","accountName":"应收账款"}]}}--[getRequestPayLoad][BaseController.java,109]
[INFO ][2018-03-29 18:40:36,120]--traceId=d1338c70-19ac-40e1-a459-681c6f90e733, reqObj=--[exec][BaseController.java,74]
[INFO ][2018-03-29 18:40:39,238]--requestURI=/gl/gl/select.htmls, method=POST, contentType=application/json--[assembleRequest][BaseController.java,84]
[INFO ][2018-03-29 18:40:39,239]--requestPayload={"pageInfo":{"size":40,"num":1},"header":{"trcid":"d1338c70-19ac-40e1-a459-681c6f90e733","debug":true},"data":{"shopID":123,"shopName":"哗啦啦测试店","accountInfo":[{"accountID":"9183dkk1-1lljj11-j1k2-12","accountName":"应收账款"},{"accountID":"9183dkk1-1lljj11-j1k2-12","accountName":"应收账款"}]}}--[getRequestPayLoad][BaseController.java,109]
[INFO ][2018-03-29 18:40:39,239]--traceId=d1338c70-19ac-40e1-a459-681c6f90e733, reqObj=--[exec][BaseController.java,74]
